2018-07-24 19:00:11.6911|INFO|Request starting HTTP/1.1 DEBUG http://localhost:64898/  0
2018-07-24 19:00:11.6911|INFO|Request starting HTTP/1.1 GET http://localhost:64898/api/values  
2018-07-24 19:00:11.8287|INFO|Request finished in 145.7763ms 200 
2018-07-24 19:00:12.0350|INFO|Request finished in 345.0151ms 404 
2018-07-24 19:00:12.0853|INFO|Request starting HTTP/1.1 GET http://localhost:64898/favicon.ico  
2018-07-24 19:00:12.0853|INFO|Request finished in 6.5271ms 404 
2018-07-24 19:00:12.1098|INFO|Request starting HTTP/1.1 GET http://localhost:64898/favicon.ico  
2018-07-24 19:00:12.1176|INFO|Request finished in 14.0731ms 404 
2018-07-24 19:02:23.1435|INFO|Request starting HTTP/1.1 POST http://localhost:64898/api/account/Login multipart/form-data; boundary=--------------------------783481193598704824397073 279
2018-07-24 19:02:23.2087|INFO|Route matched with {action = "Login", controller = "Account"}. Executing action Server.Host.Controllers.AccountController.Login (Server.Host)
2018-07-24 19:02:23.2275|INFO|Authorization failed.
2018-07-24 19:02:23.2275|INFO|Authorization failed for the request at filter 'Microsoft.AspNetCore.Mvc.Authorization.AuthorizeFilter'.
2018-07-24 19:02:23.2412|INFO|Executing ChallengeResult with authentication schemes ().
2018-07-24 19:02:23.2412|INFO|AuthenticationScheme: Bearer was challenged.
2018-07-24 19:02:23.2597|INFO|Executed action Server.Host.Controllers.AccountController.Login (Server.Host) in 39.7831ms
2018-07-24 19:02:23.2597|INFO|Request finished in 120.4741ms 401 
2018-07-24 19:02:23.2813|INFO|Connection id "0HLFHAIG8499B", Request id "0HLFHAIG8499B:00000001": the application completed without reading the entire request body.
2018-07-24 19:03:33.7518|INFO|Request starting HTTP/1.1 GET http://localhost:64898/api/values  
2018-07-24 19:03:33.7535|INFO|Request starting HTTP/1.1 DEBUG http://localhost:64898/  0
2018-07-24 19:03:33.8809|INFO|Request finished in 143.6088ms 200 
2018-07-24 19:03:34.1068|INFO|Request finished in 359.9284ms 404 
2018-07-24 19:03:37.2949|INFO|Request starting HTTP/1.1 POST http://localhost:64898/api/account/Login multipart/form-data; boundary=--------------------------946356251403788473244409 279
2018-07-24 19:03:37.3499|INFO|Route matched with {action = "Login", controller = "Account"}. Executing action Server.Host.Controllers.AccountController.Login (Server.Host)
2018-07-24 19:03:37.4734|INFO|Executing action method Server.Host.Controllers.AccountController.Login (Server.Host) with arguments (17607105321, abcd1234) - Validation state: Valid
2018-07-24 19:03:37.6701|INFO|/api/account/Login uid=[17607105321] pwd=[***] =>code=Ok
2018-07-24 19:03:37.6781|INFO|Executed action method Server.Host.Controllers.AccountController.Login (Server.Host), returned result Microsoft.AspNetCore.Mvc.OkObjectResult in 197.2859ms.
2018-07-24 19:03:37.6941|INFO|Executing ObjectResult, writing value of type '<>f__AnonymousType0`2[[Server.Shared.Results.LoginResult, Server.Shared, Version=1.0.0.0, Culture=neutral, PublicKeyToken=null],[System.String, System.Private.CoreLib, Version=4.0.0.0, Culture=neutral, PublicKeyToken=7cec85d7bea7798e]]'.
2018-07-24 19:03:37.7181|INFO|Executed action Server.Host.Controllers.AccountController.Login (Server.Host) in 358.9398ms
2018-07-24 19:03:37.7257|INFO|Request finished in 428.9066ms 200 application/json; charset=utf-8
2018-07-24 19:04:35.4201|INFO|Request starting HTTP/1.1 GET http://localhost:64898/api/admin/AllUsers  
2018-07-24 19:04:35.4750|INFO|Successfully validated the token.
2018-07-24 19:04:35.4750|INFO|Route matched with {action = "AllUsers", controller = "Admin"}. Executing action Server.Host.Controllers.AdminController.AllUsers (Server.Host)
2018-07-24 19:04:35.4987|INFO|Authorization was successful.
2018-07-24 19:04:35.5061|INFO|Executing action method Server.Host.Controllers.AdminController.AllUsers (Server.Host) - Validation state: Valid
2018-07-24 19:04:35.5061|INFO|/api/admin/AllUsers => users
2018-07-24 19:04:35.5061|INFO|Executed action method Server.Host.Controllers.AdminController.AllUsers (Server.Host), returned result Microsoft.AspNetCore.Mvc.OkObjectResult in 2.6892ms.
2018-07-24 19:04:35.5061|INFO|Executing ObjectResult, writing value of type 'LiteDB.LiteCollection`1+<Find>d__17[[Server.Shared.Models.User, Server.Shared, Version=1.0.0.0, Culture=neutral, PublicKeyToken=null]]'.
2018-07-24 19:04:35.5327|INFO|Executed action Server.Host.Controllers.AdminController.AllUsers (Server.Host) in 46.1473ms
2018-07-24 19:04:35.5370|INFO|Request finished in 119.2893ms 200 application/json; charset=utf-8
2018-07-24 19:05:50.8584|INFO|Request starting HTTP/1.1 POST http://localhost:64898/api/admin/adduser multipart/form-data; boundary=--------------------------551070348290130705913256 498
2018-07-24 19:05:50.8718|INFO|Successfully validated the token.
2018-07-24 19:05:50.8891|INFO|Route matched with {action = "AddUser", controller = "Admin"}. Executing action Server.Host.Controllers.AdminController.AddUser (Server.Host)
2018-07-24 19:05:50.8996|INFO|Authorization was successful.
2018-07-24 19:05:50.9151|INFO|Executing action method Server.Host.Controllers.AdminController.AddUser (Server.Host) with arguments (Server.Host.Models.UserModel) - Validation state: Valid
2018-07-24 19:05:50.9151|INFO|/api/admin/adduser uid=[00000003] name=[luokun] role=[admin] => code=[ParamsIsEmpty]
2018-07-24 19:05:50.9151|INFO|Executed action method Server.Host.Controllers.AdminController.AddUser (Server.Host), returned result Microsoft.AspNetCore.Mvc.OkObjectResult in 2.7703ms.
2018-07-24 19:05:50.9244|INFO|Executing ObjectResult, writing value of type '<>f__AnonymousType1`1[[Server.Shared.Results.AddUserResult, Server.Shared, Version=1.0.0.0, Culture=neutral, PublicKeyToken=null]]'.
2018-07-24 19:05:50.9244|INFO|Executed action Server.Host.Controllers.AdminController.AddUser (Server.Host) in 36.875ms
2018-07-24 19:05:50.9244|INFO|Request finished in 75.5415ms 200 application/json; charset=utf-8
2018-07-24 19:06:38.7103|INFO|Request starting HTTP/1.1 POST http://localhost:64898/api/admin/adduser multipart/form-data; boundary=--------------------------186112912345931417978506 498
2018-07-24 19:06:38.7103|INFO|Successfully validated the token.
2018-07-24 19:06:38.7226|INFO|Route matched with {action = "AddUser", controller = "Admin"}. Executing action Server.Host.Controllers.AdminController.AddUser (Server.Host)
2018-07-24 19:06:38.7226|INFO|Authorization was successful.
2018-07-24 19:06:38.7226|INFO|Executing action method Server.Host.Controllers.AdminController.AddUser (Server.Host) with arguments (Server.Host.Models.UserModel) - Validation state: Valid
2018-07-24 19:07:09.0148|INFO|/api/admin/adduser uid=[00000003] name=[luokun] role=[admin] => code=[ParamsIsEmpty]
2018-07-24 19:07:09.0264|INFO|Executed action method Server.Host.Controllers.AdminController.AddUser (Server.Host), returned result Microsoft.AspNetCore.Mvc.OkObjectResult in 30290.1647ms.
2018-07-24 19:07:09.0264|INFO|Executing ObjectResult, writing value of type '<>f__AnonymousType1`1[[Server.Shared.Results.AddUserResult, Server.Shared, Version=1.0.0.0, Culture=neutral, PublicKeyToken=null]]'.
2018-07-24 19:07:09.0361|INFO|Executed action Server.Host.Controllers.AdminController.AddUser (Server.Host) in 30309.1649ms
2018-07-24 19:07:09.0361|INFO|Request finished in 30332.4041ms 200 application/json; charset=utf-8
2018-07-24 19:07:15.6308|INFO|Request starting HTTP/1.1 POST http://localhost:64898/api/admin/adduser multipart/form-data; boundary=--------------------------190518851335586032119137 608
2018-07-24 19:07:15.6308|INFO|Successfully validated the token.
2018-07-24 19:07:15.6308|INFO|Route matched with {action = "AddUser", controller = "Admin"}. Executing action Server.Host.Controllers.AdminController.AddUser (Server.Host)
2018-07-24 19:07:15.6308|INFO|Authorization was successful.
2018-07-24 19:07:15.6446|INFO|Executing action method Server.Host.Controllers.AdminController.AddUser (Server.Host) with arguments (Server.Host.Models.UserModel) - Validation state: Valid
2018-07-24 19:07:15.6987|INFO|/api/admin/adduser uid=[00000003] name=[luokun] role=[admin] => code=[Ok]
2018-07-24 19:07:15.6987|INFO|Executed action method Server.Host.Controllers.AdminController.AddUser (Server.Host), returned result Microsoft.AspNetCore.Mvc.OkObjectResult in 53.7449ms.
2018-07-24 19:07:15.6987|INFO|Executing ObjectResult, writing value of type '<>f__AnonymousType1`1[[Server.Shared.Results.AddUserResult, Server.Shared, Version=1.0.0.0, Culture=neutral, PublicKeyToken=null]]'.
2018-07-24 19:07:15.7065|INFO|Executed action Server.Host.Controllers.AdminController.AddUser (Server.Host) in 65.0306ms
2018-07-24 19:07:15.7065|INFO|Request finished in 80.3795ms 200 application/json; charset=utf-8
2018-07-24 19:07:45.7522|INFO|Request starting HTTP/1.1 GET http://localhost:64898/api/admin/deleteUser?uid=23  
2018-07-24 19:07:45.8061|INFO|Failed to validate the token.
2018-07-24 19:07:45.8061|INFO|Bearer was not authenticated. Failure message: IDX10503: Signature validation failed. Keys tried: 'Microsoft.IdentityModel.Tokens.SymmetricSecurityKey , KeyId: 
'.
Exceptions caught:
 ''.
token: '{"alg":"HS256","typ":"JWT"}.{"www.luokun.xyz/uid":"17607105321","http://schemas.microsoft.com/ws/2008/06/identity/claims/role":"master","nbf":1532359646,"exp":1534951646,"iss":"www.luokun.xyz","aud":"www.luokun.xyz"}'.
2018-07-24 19:07:45.8172|INFO|Route matched with {action = "DeleteUser", controller = "Admin"}. Executing action Server.Host.Controllers.AdminController.DeleteUser (Server.Host)
2018-07-24 19:07:45.8172|INFO|Authorization failed.
2018-07-24 19:07:45.8172|INFO|Authorization failed for the request at filter 'Microsoft.AspNetCore.Mvc.Authorization.AuthorizeFilter'.
2018-07-24 19:07:45.8172|INFO|Executing ChallengeResult with authentication schemes ().
2018-07-24 19:07:45.8410|INFO|AuthenticationScheme: Bearer was challenged.
2018-07-24 19:07:45.8410|INFO|Executed action Server.Host.Controllers.AdminController.DeleteUser (Server.Host) in 23.7622ms
2018-07-24 19:07:45.8511|INFO|Request finished in 96.6235ms 401 
2018-07-24 19:08:05.9997|INFO|Request starting HTTP/1.1 GET http://localhost:64898/api/admin/deleteUser?uid=23  
2018-07-24 19:08:06.0075|INFO|Successfully validated the token.
2018-07-24 19:08:06.0075|INFO|Route matched with {action = "DeleteUser", controller = "Admin"}. Executing action Server.Host.Controllers.AdminController.DeleteUser (Server.Host)
2018-07-24 19:08:06.0075|INFO|Authorization was successful.
2018-07-24 19:08:06.0213|INFO|Executing action method Server.Host.Controllers.AdminController.DeleteUser (Server.Host) with arguments (23) - Validation state: Valid
2018-07-24 19:08:06.0213|INFO|/api/admin/deleteUser uid=[23] => code=[UserNotFind]
2018-07-24 19:08:06.0213|INFO|Executed action method Server.Host.Controllers.AdminController.DeleteUser (Server.Host), returned result Microsoft.AspNetCore.Mvc.OkObjectResult in 3.5276ms.
2018-07-24 19:08:06.0213|INFO|Executing ObjectResult, writing value of type '<>f__AnonymousType1`1[[Server.Shared.Results.DeleteUserResult, Server.Shared, Version=1.0.0.0, Culture=neutral, PublicKeyToken=null]]'.
2018-07-24 19:08:06.0351|INFO|Executed action Server.Host.Controllers.AdminController.DeleteUser (Server.Host) in 21.6127ms
2018-07-24 19:08:06.0351|INFO|Request finished in 38.7135ms 200 application/json; charset=utf-8
2018-07-24 19:10:35.2011|INFO|Request starting HTTP/1.1 GET http://localhost:64898/api/admin/AllUsers  
2018-07-24 19:10:35.2102|INFO|Successfully validated the token.
2018-07-24 19:10:35.2102|INFO|Route matched with {action = "AllUsers", controller = "Admin"}. Executing action Server.Host.Controllers.AdminController.AllUsers (Server.Host)
2018-07-24 19:10:35.2215|INFO|Authorization was successful.
2018-07-24 19:10:35.2215|INFO|Executing action method Server.Host.Controllers.AdminController.AllUsers (Server.Host) - Validation state: Valid
2018-07-24 19:10:35.2215|INFO|/api/admin/AllUsers => users
2018-07-24 19:10:35.2215|INFO|Executed action method Server.Host.Controllers.AdminController.AllUsers (Server.Host), returned result Microsoft.AspNetCore.Mvc.OkObjectResult in 0.9181ms.
2018-07-24 19:10:35.2215|INFO|Executing ObjectResult, writing value of type 'LiteDB.LiteCollection`1+<Find>d__17[[Server.Shared.Models.User, Server.Shared, Version=1.0.0.0, Culture=neutral, PublicKeyToken=null]]'.
2018-07-24 19:10:35.2389|INFO|Executed action Server.Host.Controllers.AdminController.AllUsers (Server.Host) in 18.481ms
2018-07-24 19:10:35.2586|INFO|Request finished in 41.7449ms 200 application/json; charset=utf-8
2018-07-24 19:11:14.7175|INFO|Request starting HTTP/1.1 GET http://localhost:64898/api/admin/deleteUser?uid=00000002  
2018-07-24 19:11:14.7253|INFO|Successfully validated the token.
2018-07-24 19:11:14.7253|INFO|Route matched with {action = "DeleteUser", controller = "Admin"}. Executing action Server.Host.Controllers.AdminController.DeleteUser (Server.Host)
2018-07-24 19:11:14.7253|INFO|Authorization was successful.
2018-07-24 19:11:14.7388|INFO|Executing action method Server.Host.Controllers.AdminController.DeleteUser (Server.Host) with arguments (00000002) - Validation state: Valid
2018-07-24 19:11:14.7578|INFO|/api/admin/deleteUser uid=[00000002] => code=[Ok]
2018-07-24 19:11:14.7578|INFO|Executed action method Server.Host.Controllers.AdminController.DeleteUser (Server.Host), returned result Microsoft.AspNetCore.Mvc.OkObjectResult in 18.2792ms.
2018-07-24 19:11:14.7578|INFO|Executing ObjectResult, writing value of type '<>f__AnonymousType1`1[[Server.Shared.Results.DeleteUserResult, Server.Shared, Version=1.0.0.0, Culture=neutral, PublicKeyToken=null]]'.
2018-07-24 19:11:14.7578|INFO|Executed action Server.Host.Controllers.AdminController.DeleteUser (Server.Host) in 30.0325ms
2018-07-24 19:11:14.7729|INFO|Request finished in 55.5412ms 200 application/json; charset=utf-8
